Start testing: Sep 13 17:47 UTC
----------------------------------------------------------
1/1 Testing: SnapshotTests
1/1 Test: SnapshotTests
Command: "/app/test_runner"
Directory: /app
"SnapshotTests" start time: Sep 13 17:47 UTC
Output:
----------------------------------------------------------
Running CHTL Snapshot Tester...
TEST: vir_object_test ... FAILED (Compiler Error)
Parse Error: Expected ';' after attribute value. at line 3
Parse Error: Expected '{' after 'text' keyword. at line 3
Parse Error: Expected a declaration (element, text, etc.).
Parse Error: Expected '{' after 'text' keyword. at line 4
Parse Error: Expected a declaration (element, text, etc.).

TEST: conditional_expressions_test ... PASSED
TEST: test ... PASSED
TEST: listen_test ... PASSED
TEST: scanner_test ... PASSED
TEST: responsive_values_test ... FAILED (Compiler Error)
Compilation Error: Unexpected token in expression: all
TEST: selector_test ... PASSED
TEST: delete_test ... FAILED (Compiler Error)
Parse Error: Expected ':' or '=' at line 3
Parse Error: Expected a declaration (element, text, etc.).
Parse Error: Expected a declaration (element, text, etc.).
Content from CHTL
More content from CHTL

TEST: delegate_test ... PASSED
TEST: debug_test ... PASSED
TEST: custom_style_groups_test ... FAILED (Compiler Error)
Parse Error: Expected ':' or '=' at line 21
Parse Error: Expected '{' after 'text' keyword. at line 31
Parse Error: Expected a declaration (element, text, etc.).
Parse Error: Use of undefined template 'WarningText'. It was not found in the global scope or any imported namespace.
Parse Error: Expected a declaration (element, text, etc.).
Parse Error: Expected a declaration (element, text, etc.).
Parse Error: Use of undefined template 'WarningText'. It was not found in the global scope or any imported namespace.
Parse Error: Expected a declaration (element, text, etc.).
Parse Error: Expected '{' after 'text' keyword. at line 49
Parse Error: Expected a declaration (element, text, etc.).

TEST: defaults ... PASSED
TEST: components ... PASSED
TEST: insert_test ... FAILED (Compiler Error)
Parse Error: Expected ':' or '=' at line 2
Parse Error: Expected a declaration (element, text, etc.).
Parse Error: Expected a declaration (element, text, etc.).
Parse Error: Expected ':' or '=' at line 15
Original paragraph.
New Main Title

TEST: script_block_test ... PASSED
TEST: definitions ... FAILED (Compiler Error)
Parse Error: Expected ':' or '=' at line 4
Parse Error: Expected a declaration (element, text, etc.).
This is the content of the card.

TEST: auto_inference_test ... PASSED
TEST: test2 ... FAILED (Compiler Error)
Parse Error: Expected ':' or '=' at line 4
Parse Error: Expected a declaration (element, text, etc.).
Parse Error: Expected ':' or '=' at line 13
Parse Error: Expected a declaration (element, text, etc.).
This is a paragraph.

TEST: animate_test ... PASSED
TEST: property_reference_test ... PASSED

7 test(s) failed.
<end of output>
Test time =   0.11 sec
----------------------------------------------------------
Test Failed.
"SnapshotTests" end time: Sep 13 17:47 UTC
"SnapshotTests" time elapsed: 00:00:00
----------------------------------------------------------

End testing: Sep 13 17:47 UTC
