Start testing: Sep 17 13:39 UTC
----------------------------------------------------------
1/4 Testing: LexerTest.BasicElementsAndAttributes
1/4 Test: LexerTest.BasicElementsAndAttributes
Command: "/app/run_tests" "--gtest_filter=LexerTest.BasicElementsAndAttributes" "--gtest_also_run_disabled_tests"
Directory: /app
"LexerTest.BasicElementsAndAttributes" start time: Sep 17 13:39 UTC
Output:
----------------------------------------------------------
Running main() from /app/_deps/googletest-src/googletest/src/gtest_main.cc
Note: Google Test filter = LexerTest.BasicElementsAndAttributes
[==========] Running 1 test from 1 test suite.
[----------] Global test environment set-up.
[----------] 1 test from LexerTest
[ RUN      ] LexerTest.BasicElementsAndAttributes
[       OK ] LexerTest.BasicElementsAndAttributes (0 ms)
[----------] 1 test from LexerTest (0 ms total)

[----------] Global test environment tear-down
[==========] 1 test from 1 test suite ran. (0 ms total)
[  PASSED  ] 1 test.
<end of output>
Test time =   0.01 sec
----------------------------------------------------------
Test Passed.
"LexerTest.BasicElementsAndAttributes" end time: Sep 17 13:39 UTC
"LexerTest.BasicElementsAndAttributes" time elapsed: 00:00:00
----------------------------------------------------------

2/4 Testing: LexerTest.CommentsAndWhitespace
2/4 Test: LexerTest.CommentsAndWhitespace
Command: "/app/run_tests" "--gtest_filter=LexerTest.CommentsAndWhitespace" "--gtest_also_run_disabled_tests"
Directory: /app
"LexerTest.CommentsAndWhitespace" start time: Sep 17 13:39 UTC
Output:
----------------------------------------------------------
Running main() from /app/_deps/googletest-src/googletest/src/gtest_main.cc
Note: Google Test filter = LexerTest.CommentsAndWhitespace
[==========] Running 1 test from 1 test suite.
[----------] Global test environment set-up.
[----------] 1 test from LexerTest
[ RUN      ] LexerTest.CommentsAndWhitespace
[       OK ] LexerTest.CommentsAndWhitespace (0 ms)
[----------] 1 test from LexerTest (0 ms total)

[----------] Global test environment tear-down
[==========] 1 test from 1 test suite ran. (0 ms total)
[  PASSED  ] 1 test.
<end of output>
Test time =   0.01 sec
----------------------------------------------------------
Test Passed.
"LexerTest.CommentsAndWhitespace" end time: Sep 17 13:39 UTC
"LexerTest.CommentsAndWhitespace" time elapsed: 00:00:00
----------------------------------------------------------

3/4 Testing: ParserTest.CustomStyleDefinitionAndUsage
3/4 Test: ParserTest.CustomStyleDefinitionAndUsage
Command: "/app/run_tests" "--gtest_filter=ParserTest.CustomStyleDefinitionAndUsage" "--gtest_also_run_disabled_tests"
Directory: /app
"ParserTest.CustomStyleDefinitionAndUsage" start time: Sep 17 13:39 UTC
Output:
----------------------------------------------------------
Running main() from /app/_deps/googletest-src/googletest/src/gtest_main.cc
Note: Google Test filter = ParserTest.CustomStyleDefinitionAndUsage
[==========] Running 1 test from 1 test suite.
[----------] Global test environment set-up.
[----------] 1 test from ParserTest
[ RUN      ] ParserTest.CustomStyleDefinitionAndUsage
[       OK ] ParserTest.CustomStyleDefinitionAndUsage (0 ms)
[----------] 1 test from ParserTest (0 ms total)

[----------] Global test environment tear-down
[==========] 1 test from 1 test suite ran. (0 ms total)
[  PASSED  ] 1 test.
<end of output>
Test time =   0.00 sec
----------------------------------------------------------
Test Passed.
"ParserTest.CustomStyleDefinitionAndUsage" end time: Sep 17 13:39 UTC
"ParserTest.CustomStyleDefinitionAndUsage" time elapsed: 00:00:00
----------------------------------------------------------

4/4 Testing: GeneratorTest.CustomStyleSpecialization
4/4 Test: GeneratorTest.CustomStyleSpecialization
Command: "/app/run_tests" "--gtest_filter=GeneratorTest.CustomStyleSpecialization" "--gtest_also_run_disabled_tests"
Directory: /app
"GeneratorTest.CustomStyleSpecialization" start time: Sep 17 13:39 UTC
Output:
----------------------------------------------------------
Running main() from /app/_deps/googletest-src/googletest/src/gtest_main.cc
Note: Google Test filter = GeneratorTest.CustomStyleSpecialization
[==========] Running 1 test from 1 test suite.
[----------] Global test environment set-up.
[----------] 1 test from GeneratorTest
[ RUN      ] GeneratorTest.CustomStyleSpecialization
[       OK ] GeneratorTest.CustomStyleSpecialization (0 ms)
[----------] 1 test from GeneratorTest (0 ms total)

[----------] Global test environment tear-down
[==========] 1 test from 1 test suite ran. (0 ms total)
[  PASSED  ] 1 test.
<end of output>
Test time =   0.01 sec
----------------------------------------------------------
Test Passed.
"GeneratorTest.CustomStyleSpecialization" end time: Sep 17 13:39 UTC
"GeneratorTest.CustomStyleSpecialization" time elapsed: 00:00:00
----------------------------------------------------------

End testing: Sep 17 13:39 UTC
