Start testing: Sep 13 17:18 UTC
----------------------------------------------------------
1/5 Testing: run_delete_test
1/5 Test: run_delete_test
Command: "/app/chtl_compiler" "/app/delete_test.chtl"
Directory: /app
"run_delete_test" start time: Sep 13 17:18 UTC
Output:
----------------------------------------------------------
--- CHTL Fragment ---
html {
    head {
        title { text { "Origin Test" } }
    }
    body {
        h1 { text { "Content from CHTL" } }

        [Origin] @Html {
            <div class="raw-html">
                <p>This is <strong>raw, unprocessed</strong> HTML.</p>
                <!-- This is a raw HTML comment -->
            </div>
        }

        p { text { "More content from CHTL" } }
    }
}

--- CSS Fragment ---

--- JS Fragment (raw) ---

--- CHTL JS Fragment (with placeholders) ---

--- JS Placeholders Map ---
--- End of Fragments ---

Parse Error: Expected a declaration. on line 3
Parse Error: Expected a declaration. on line 6
Parse Error: Expected a declaration. on line 15
<style>

</style>

<end of output>
Test time =   0.01 sec
----------------------------------------------------------
Test Passed.
"run_delete_test" end time: Sep 13 17:18 UTC
"run_delete_test" time elapsed: 00:00:00
----------------------------------------------------------

2/5 Testing: run_insert_test
2/5 Test: run_insert_test
Command: "/app/chtl_compiler" "/app/insert_test.chtl"
Directory: /app
"run_insert_test" start time: Sep 13 17:18 UTC
Output:
----------------------------------------------------------
--- CHTL Fragment ---
[Template] @Element MyContent {
    h2 { text { "Original Title" } }
    p { text { "Original paragraph." } }
}

html {
    body {
        @Element MyContent {
            insert before h2[0] {
                h1 { text { "New Main Title" } }
            }

            insert after p[0] {
                hr;
                p { text { "An inserted paragraph." } }
            }
        }
    }
}

--- CSS Fragment ---

--- JS Fragment (raw) ---

--- CHTL JS Fragment (with placeholders) ---

--- JS Placeholders Map ---
--- End of Fragments ---

Parse Error: Expected a declaration. on line 1
Parse Error: Expected a declaration. on line 2
Parse Error: Expected a declaration. on line 3
Parse Error: Expected a declaration. on line 10
Parse Error: Expected a declaration. on line 15
<style>

</style>

<end of output>
Test time =   0.00 sec
----------------------------------------------------------
Test Passed.
"run_insert_test" end time: Sep 13 17:18 UTC
"run_insert_test" time elapsed: 00:00:00
----------------------------------------------------------

3/5 Testing: run_insert_extended_test
3/5 Test: run_insert_extended_test
Command: "/app/chtl_compiler" "/app/insert_extended_test.chtl"
Directory: /app
"run_insert_extended_test" start time: Sep 13 17:18 UTC
Output:
----------------------------------------------------------
--- CHTL Fragment ---
[Template] @Element TestBlock {
    div { id: "one"; }
    div { id: "two"; }
    div { id: "three"; }
}

html {
    body {
        // Test 'at top'
        @Element TestBlock {
            insert at top {
                p { text: "Should be first"; }
            }
        }

        // Test 'at bottom'
        @Element TestBlock {
            insert at bottom {
                p { text: "Should be last"; }
            }
        }

        // Test 'replace'
        @Element TestBlock {
            replace div[1] {
                span { text: "I replaced div two"; }
            }
        }
    }
}

--- CSS Fragment ---

--- JS Fragment (raw) ---

--- CHTL JS Fragment (with placeholders) ---

--- JS Placeholders Map ---
--- End of Fragments ---

Parse Error: Expected a declaration. on line 1
Parse Error: Expected a declaration. on line 2
Parse Error: Expected a declaration. on line 3
Parse Error: Expected a declaration. on line 4
Parse Error: Expected a declaration. on line 12
Parse Error: Expected a declaration. on line 12
Parse Error: Expected a declaration. on line 19
Parse Error: Expected a declaration. on line 19
Parse Error: Expected a declaration. on line 26
Parse Error: Expected a declaration. on line 26
<style>

</style>

<end of output>
Test time =   0.00 sec
----------------------------------------------------------
Test Passed.
"run_insert_extended_test" end time: Sep 13 17:18 UTC
"run_insert_extended_test" time elapsed: 00:00:00
----------------------------------------------------------

4/5 Testing: run_delete_style_test
4/5 Test: run_delete_style_test
Command: "/app/chtl_compiler" "/app/delete_style_test.chtl"
Directory: /app
"run_delete_style_test" start time: Sep 13 17:18 UTC
Output:
----------------------------------------------------------
--- CHTL Fragment ---
[Template] @Style BaseStyle {
    color: "blue";
    background-color: "white";
    font-size: 16px;
    border: "1px solid black";
}

[Custom] @Style MyCustomStyle {
    @Style BaseStyle {
        delete font-size, border; // Delete specific properties
    }
    color: "red"; // Override a property
}

[Template] @Style AnotherBase {
    padding: 10px;
}

[Custom] @Style FinalStyle {
    @Style MyCustomStyle;
    @Style AnotherBase {
        delete @Style BaseStyle; // This feature is not supported yet, but should parse
    }
}

html {
    body {
        div {
            // Should have color: red, background-color: white
            style {
                @Style MyCustomStyle;
            }
        }
    }
}

--- CSS Fragment ---

--- JS Fragment (raw) ---

--- CHTL JS Fragment (with placeholders) ---

--- JS Placeholders Map ---
--- End of Fragments ---

<style>

</style>
<html>
  <body>
    <div style="background-color: white; color: red; " />
  </body>
</html>

<end of output>
Test time =   0.01 sec
----------------------------------------------------------
Test Passed.
"run_delete_style_test" end time: Sep 13 17:18 UTC
"run_delete_style_test" time elapsed: 00:00:00
----------------------------------------------------------

5/5 Testing: run_import_assets_test
5/5 Test: run_import_assets_test
Command: "/app/chtl_compiler" "/app/import_assets_test.chtl"
Directory: /app
"run_import_assets_test" start time: Sep 13 17:18 UTC
Output:
----------------------------------------------------------
--- CHTL Fragment ---
[Import] @Html from "test.html" as my_html_content;
[Import] @Style from "test.css" as my_css_rules;

html {
    head {
        style {
            // This should embed the content of test.css
            [Origin] @Style my_css_rules;
        }
    }
    body {
        // This should embed the content of test.html
        [Origin] @Html my_html_content;
    }
}

--- CSS Fragment ---

--- JS Fragment (raw) ---

--- CHTL JS Fragment (with placeholders) ---

--- JS Placeholders Map ---
--- End of Fragments ---

Parse Error: Expected a declaration. on line 1
Parse Error: Expected a declaration. on line 2
Parse Error: Unexpected token in style block. on line 8
Parse Error: Expected a declaration. on line 9
Parse Error: Expected a declaration. on line 14
<style>

</style>

<end of output>
Test time =   0.00 sec
----------------------------------------------------------
Test Passed.
"run_import_assets_test" end time: Sep 13 17:18 UTC
"run_import_assets_test" time elapsed: 00:00:00
----------------------------------------------------------

End testing: Sep 13 17:18 UTC
